02-07-2021 11:29:37.356 [main] INFO  team.natlex.NatLex.NatLexApplication.logStarting - Starting NatLexApplication using Java 16.0.1 on it-admin with PID 10231 (/home/fogma/IdeaProjects/NatLex/target/classes started by fogma in /home/fogma/IdeaProjects/NatLex)
02-07-2021 11:29:37.363 [main] INFO  team.natlex.NatLex.NatLexApplication.logStartupProfileInfo - No active profile set, falling back to default profiles: default
02-07-2021 11:29:38.444 [background-preinit] WARN  o.s.h.c.j.Jackson2ObjectMapperBuilder.warn - For Jackson Kotlin classes support please add "com.fasterxml.jackson.module:jackson-module-kotlin" to the classpath
02-07-2021 11:29:43.742 [main] INFO  o.s.d.r.c.RepositoryConfigurationDelegate.registerRepositoriesIn - Bootstrapping Spring Data JPA repositories in DEFAULT mode.
02-07-2021 11:29:44.256 [main] INFO  o.s.d.r.c.RepositoryConfigurationDelegate.registerRepositoriesIn - Finished Spring Data repository scanning in 425 ms. Found 2 JPA repository interfaces.
02-07-2021 11:29:45.472 [main] INFO  o.s.c.s.PostProcessorRegistrationDelegate$BeanPostProcessorChecker.postProcessAfterInitialization - Bean 'org.springframework.security.access.expression.method.DefaultMethodSecurityExpressionHandler@2412a42b' of type [org.springframework.security.access.expression.method.DefaultMethodSecurityExpressionHandler] is not eligible for getting processed by all BeanPostProcessors (for example: not eligible for auto-proxying)
02-07-2021 11:29:45.479 [main] INFO  o.s.c.s.PostProcessorRegistrationDelegate$BeanPostProcessorChecker.postProcessAfterInitialization - Bean 'methodSecurityMetadataSource' of type [org.springframework.security.access.method.DelegatingMethodSecurityMetadataSource] is not eligible for getting processed by all BeanPostProcessors (for example: not eligible for auto-proxying)
02-07-2021 11:29:47.145 [main] INFO  o.s.b.w.e.tomcat.TomcatWebServer.initialize - Tomcat initialized with port(s): 8080 (http)
02-07-2021 11:29:47.156 [main] INFO  o.a.coyote.http11.Http11NioProtocol.log - Initializing ProtocolHandler ["http-nio-8080"]
02-07-2021 11:29:47.157 [main] INFO  o.a.catalina.core.StandardService.log - Starting service [Tomcat]
02-07-2021 11:29:47.157 [main] INFO  o.a.catalina.core.StandardEngine.log - Starting Servlet engine: [Apache Tomcat/9.0.46]
02-07-2021 11:29:47.284 [main] INFO  o.a.c.c.C.[Tomcat].[localhost].[/].log - Initializing Spring embedded WebApplicationContext
02-07-2021 11:29:47.284 [main] INFO  o.s.b.w.s.c.ServletWebServerApplicationContext.prepareWebApplicationContext - Root WebApplicationContext: initialization completed in 9534 ms
02-07-2021 11:29:48.242 [main] INFO  o.f.c.i.license.VersionPrinter.info - Flyway Community Edition 7.8.2 by Redgate
02-07-2021 11:29:48.288 [main] INFO  com.zaxxer.hikari.HikariDataSource.getConnection - HikariPool-1 - Starting...
02-07-2021 11:29:48.605 [main] INFO  com.zaxxer.hikari.HikariDataSource.getConnection - HikariPool-1 - Start completed.
02-07-2021 11:29:48.698 [main] INFO  o.f.c.i.d.base.BaseDatabaseType.info - Database: jdbc:postgresql://127.0.0.1:5432/natlex (PostgreSQL 13.2)
02-07-2021 11:29:49.266 [main] INFO  o.f.core.internal.command.DbValidate.info - Successfully validated 1 migration (execution time 00:00.194s)
02-07-2021 11:29:49.300 [main] INFO  o.f.core.internal.command.DbMigrate.info - Current version of schema "public": 1
02-07-2021 11:29:49.302 [main] INFO  o.f.core.internal.command.DbMigrate.info - Schema "public" is up to date. No migration necessary.
02-07-2021 11:29:53.277 [main] INFO  Hibernate Types.printBanner - This framework is proudly powered by:

>>>>>>>>>>>>>>>>>>>>>>>>>>>>>>>>>>>>>>>>>>>>>>>>>>>>>>>>>>>>>>>>
 _    _                           _     _
| |  | |                         (_)   | |
| |__| |_   _ _ __   ___ _ __ ___ _ ___| |_ ___ _ __   ___ ___
|  __  | | | | '_ \ / _ \ '__/ __| / __| __/ _ \ '_ \ / __/ _ \
| |  | | |_| | |_) |  __/ |  \__ \ \__ \ ||  __/ | | | (_|  __/
|_|  |_|\__, | .__/ \___|_|  |___/_|___/\__\___|_| |_|\___\___|
         __/ | |
        |___/|_|

At Hypersistence, we only build amazing tools, like Hibernate Types, Flexy Pool, or Hypersistence Optimizer.

What if there were a tool that could automatically detect JPA and Hibernate performance issues?

Hypersistence Optimizer is that tool! For more details, go to: 

https://vladmihalcea.com/hypersistence-optimizer/
<<<<<<<<<<<<<<<<<<<<<<<<<<<<<<<<<<<<<<<<<<<<<<<<<<<<<<<<<<<<<<<<

02-07-2021 11:29:54.473 [main] INFO  o.s.o.j.LocalContainerEntityManagerFactoryBean.buildNativeEntityManagerFactory - Initialized JPA EntityManagerFactory for persistence unit 'default'
02-07-2021 11:29:55.273 [main] WARN  o.s.b.a.o.j.JpaBaseConfiguration$JpaWebConfiguration.openEntityManagerInViewInterceptor - spring.jpa.open-in-view is enabled by default. Therefore, database queries may be performed during view rendering. Explicitly configure spring.jpa.open-in-view to disable this warning
02-07-2021 11:29:55.713 [main] INFO  o.s.s.web.DefaultSecurityFilterChain.<init> - Will secure Ant [pattern='/**'] with [org.springframework.security.web.context.request.async.WebAsyncManagerIntegrationFilter@28d16af8, org.springframework.security.web.context.SecurityContextPersistenceFilter@19d13d04, org.springframework.security.web.header.HeaderWriterFilter@14bd523b, org.springframework.security.web.authentication.logout.LogoutFilter@d960561, org.springframework.security.web.authentication.www.BasicAuthenticationFilter@2f9236d8, org.springframework.security.web.savedrequest.RequestCacheAwareFilter@7957aa57, org.springframework.security.web.servletapi.SecurityContextHolderAwareRequestFilter@5c7a06ec, org.springframework.security.web.authentication.AnonymousAuthenticationFilter@58932d08, org.springframework.security.web.session.SessionManagementFilter@2e38d44e, org.springframework.security.web.access.ExceptionTranslationFilter@10728fe8, org.springframework.security.web.access.intercept.FilterSecurityInterceptor@7b1d2f65]
02-07-2021 11:29:55.882 [main] DEBUG o.s.w.s.m.m.a.RequestMappingHandlerAdapter.initControllerAdviceCache - ControllerAdvice beans: 0 @ModelAttribute, 0 @InitBinder, 1 RequestBodyAdvice, 1 ResponseBodyAdvice
02-07-2021 11:29:55.994 [main] TRACE o.s.w.s.m.m.a.RequestMappingHandlerMapping.detectHandlerMethods - 
	t.n.N.a.c.ApiController:
	{GET [/api/sections/by-code]}: showAllSectionsByClassCode(String)
	{GET [/api/classes/{code}]}: showAllClassesByCode(String)
	{POST [/api/import]}: uploadFile(MultipartFile)
	{GET [/api/export/{id}]}: getExportStatus(UUID)
	{GET [/api/import/{id}]}: getImportStatus(UUID)
	{POST [/api/section/add]}: addNewSection(SectionFullDTO)
	{PUT [/api/section/update/{name}]}: updateSection(SectionFullDTO,String)
	{DELETE [/api/section/delete/{name}]}: deleteSection(String)
	{POST [/api/class/add]}: addNewClass(GeologicalClass)
	{DELETE [/api/class/delete/{name}]}: deleteClass(String)
	{PUT [/api/class/update/{name}]}: updateClass(GeologicalClass,String)
	{GET [/api/export/{id}/file]}: downloadFile(UUID)
	{GET [/api/export]}: downloadFile()
	{GET [/api/sections]}: showSectionList()
02-07-2021 11:29:56.003 [main] TRACE o.s.w.s.m.m.a.RequestMappingHandlerMapping.detectHandlerMethods - 
	o.s.b.a.w.s.e.BasicErrorController:
	{ [/error]}: error(HttpServletRequest)
	{ [/error], produces [text/html]}: errorHtml(HttpServletRequest,HttpServletResponse)
02-07-2021 11:29:56.061 [main] TRACE o.s.w.s.m.m.a.RequestMappingHandlerMapping.detectHandlerMethods - 
	o.s.w.a.OpenApiWebMvcResource:
	{GET [/v3/api-docs], produces [application/json]}: openapiJson(HttpServletRequest,String)
	{GET [/v3/api-docs.yaml], produces [application/vnd.oai.openapi]}: openapiYaml(HttpServletRequest,String)
02-07-2021 11:29:56.066 [main] TRACE o.s.w.s.m.m.a.RequestMappingHandlerMapping.detectHandlerMethods - 
	o.s.w.u.SwaggerWelcomeWebMvc:
	{GET [/v3/api-docs/swagger-config], produces [application/json]}: openapiJson(HttpServletRequest)
	{GET [/swagger-ui.html]}: redirectToUi(HttpServletRequest)
02-07-2021 11:29:56.070 [main] DEBUG o.s.w.s.m.m.a.RequestMappingHandlerMapping.handlerMethodsInitialized - 20 mappings in 'requestMappingHandlerMapping'
02-07-2021 11:29:56.119 [main] DEBUG o.s.w.s.h.BeanNameUrlHandlerMapping.detectHandlers - Detected 0 mappings in 'beanNameHandlerMapping'
02-07-2021 11:29:56.131 [main] TRACE o.s.w.s.f.s.RouterFunctionMapping.logRouterFunctions - 0 RouterFunction(s) in 'routerFunctionMapping'
02-07-2021 11:29:56.786 [main] TRACE o.s.w.s.h.SimpleUrlHandlerMapping.registerHandler - Mapped [/webjars/**] onto ResourceHttpRequestHandler [Classpath [META-INF/resources/webjars/]]
02-07-2021 11:29:56.786 [main] TRACE o.s.w.s.h.SimpleUrlHandlerMapping.registerHandler - Mapped [/**] onto ResourceHttpRequestHandler [Classpath [META-INF/resources/], Classpath [resources/], Classpath [static/], Classpath [public/], ServletContext [/]]
02-07-2021 11:29:56.786 [main] TRACE o.s.w.s.h.SimpleUrlHandlerMapping.registerHandler - Mapped [/**/swagger-ui/**] onto ResourceHttpRequestHandler [Classpath [META-INF/resources/webjars/]]
02-07-2021 11:29:56.787 [main] DEBUG o.s.w.s.h.SimpleUrlHandlerMapping.logMappings - Patterns [/webjars/**, /**, /**/swagger-ui/**] in 'resourceHandlerMapping'
02-07-2021 11:29:56.806 [main] DEBUG o.s.w.s.m.m.a.ExceptionHandlerExceptionResolver.initExceptionHandlerAdviceCache - ControllerAdvice beans: 2 @ExceptionHandler, 1 ResponseBodyAdvice
02-07-2021 11:29:57.697 [main] INFO  o.a.coyote.http11.Http11NioProtocol.log - Starting ProtocolHandler ["http-nio-8080"]
02-07-2021 11:29:57.948 [main] INFO  o.s.b.w.e.tomcat.TomcatWebServer.start - Tomcat started on port(s): 8080 (http) with context path ''
02-07-2021 11:29:57.962 [main] INFO  team.natlex.NatLex.NatLexApplication.logStarted - Started NatLexApplication in 22.021 seconds (JVM running for 23.562)
02-07-2021 11:29:57.964 [main] INFO  o.s.b.a.ApplicationAvailabilityBean.logStateChange - Application availability state LivenessState changed to CORRECT
02-07-2021 11:29:57.966 [main] INFO  o.s.b.a.ApplicationAvailabilityBean.logStateChange - Application availability state ReadinessState changed to ACCEPTING_TRAFFIC
02-07-2021 11:30:40.270 [SpringContextShutdownHook] INFO  o.s.b.a.ApplicationAvailabilityBean.logStateChange - Application availability state ReadinessState changed from ACCEPTING_TRAFFIC to REFUSING_TRAFFIC
02-07-2021 11:30:57.331 [main] INFO  team.natlex.NatLex.NatLexApplication.logStarting - Starting NatLexApplication using Java 16.0.1 on it-admin with PID 10443 (/home/fogma/IdeaProjects/NatLex/target/classes started by fogma in /home/fogma/IdeaProjects/NatLex)
02-07-2021 11:30:57.336 [main] INFO  team.natlex.NatLex.NatLexApplication.logStartupProfileInfo - No active profile set, falling back to default profiles: default
02-07-2021 11:30:57.483 [background-preinit] WARN  o.s.h.c.j.Jackson2ObjectMapperBuilder.warn - For Jackson Kotlin classes support please add "com.fasterxml.jackson.module:jackson-module-kotlin" to the classpath
02-07-2021 11:30:58.595 [main] INFO  o.s.d.r.c.RepositoryConfigurationDelegate.registerRepositoriesIn - Bootstrapping Spring Data JPA repositories in DEFAULT mode.
02-07-2021 11:30:58.732 [main] INFO  o.s.d.r.c.RepositoryConfigurationDelegate.registerRepositoriesIn - Finished Spring Data repository scanning in 121 ms. Found 2 JPA repository interfaces.
02-07-2021 11:30:59.168 [main] INFO  o.s.c.s.PostProcessorRegistrationDelegate$BeanPostProcessorChecker.postProcessAfterInitialization - Bean 'org.springframework.security.access.expression.method.DefaultMethodSecurityExpressionHandler@67efd2c2' of type [org.springframework.security.access.expression.method.DefaultMethodSecurityExpressionHandler] is not eligible for getting processed by all BeanPostProcessors (for example: not eligible for auto-proxying)
02-07-2021 11:30:59.175 [main] INFO  o.s.c.s.PostProcessorRegistrationDelegate$BeanPostProcessorChecker.postProcessAfterInitialization - Bean 'methodSecurityMetadataSource' of type [org.springframework.security.access.method.DelegatingMethodSecurityMetadataSource] is not eligible for getting processed by all BeanPostProcessors (for example: not eligible for auto-proxying)
02-07-2021 11:30:59.563 [main] INFO  o.s.b.w.e.tomcat.TomcatWebServer.initialize - Tomcat initialized with port(s): 8080 (http)
02-07-2021 11:30:59.580 [main] INFO  o.a.coyote.http11.Http11NioProtocol.log - Initializing ProtocolHandler ["http-nio-8080"]
02-07-2021 11:30:59.581 [main] INFO  o.a.catalina.core.StandardService.log - Starting service [Tomcat]
02-07-2021 11:30:59.582 [main] INFO  o.a.catalina.core.StandardEngine.log - Starting Servlet engine: [Apache Tomcat/9.0.46]
02-07-2021 11:30:59.707 [main] INFO  o.a.c.c.C.[Tomcat].[localhost].[/].log - Initializing Spring embedded WebApplicationContext
02-07-2021 11:30:59.708 [main] INFO  o.s.b.w.s.c.ServletWebServerApplicationContext.prepareWebApplicationContext - Root WebApplicationContext: initialization completed in 2298 ms
02-07-2021 11:30:59.960 [main] INFO  o.f.c.i.license.VersionPrinter.info - Flyway Community Edition 7.8.2 by Redgate
02-07-2021 11:30:59.967 [main] INFO  com.zaxxer.hikari.HikariDataSource.getConnection - HikariPool-1 - Starting...
02-07-2021 11:31:00.087 [main] INFO  com.zaxxer.hikari.HikariDataSource.getConnection - HikariPool-1 - Start completed.
02-07-2021 11:31:00.135 [main] INFO  o.f.c.i.d.base.BaseDatabaseType.info - Database: jdbc:postgresql://127.0.0.1:5432/natlex (PostgreSQL 13.2)
02-07-2021 11:31:00.206 [main] INFO  o.f.core.internal.command.DbValidate.info - Successfully validated 1 migration (execution time 00:00.041s)
02-07-2021 11:31:00.235 [main] INFO  o.f.core.internal.command.DbMigrate.info - Current version of schema "public": 1
02-07-2021 11:31:00.237 [main] INFO  o.f.core.internal.command.DbMigrate.info - Schema "public" is up to date. No migration necessary.
02-07-2021 11:31:00.896 [main] INFO  Hibernate Types.printBanner - This framework is proudly powered by:

>>>>>>>>>>>>>>>>>>>>>>>>>>>>>>>>>>>>>>>>>>>>>>>>>>>>>>>>>>>>>>>>
 _    _                           _     _
| |  | |                         (_)   | |
| |__| |_   _ _ __   ___ _ __ ___ _ ___| |_ ___ _ __   ___ ___
|  __  | | | | '_ \ / _ \ '__/ __| / __| __/ _ \ '_ \ / __/ _ \
| |  | | |_| | |_) |  __/ |  \__ \ \__ \ ||  __/ | | | (_|  __/
|_|  |_|\__, | .__/ \___|_|  |___/_|___/\__\___|_| |_|\___\___|
         __/ | |
        |___/|_|

At Hypersistence, we only build amazing tools, like Hibernate Types, Flexy Pool, or Hypersistence Optimizer.

What if there were a tool that could automatically detect JPA and Hibernate performance issues?

Hypersistence Optimizer is that tool! For more details, go to: 

https://vladmihalcea.com/hypersistence-optimizer/
<<<<<<<<<<<<<<<<<<<<<<<<<<<<<<<<<<<<<<<<<<<<<<<<<<<<<<<<<<<<<<<<

02-07-2021 11:31:01.522 [main] INFO  o.s.o.j.LocalContainerEntityManagerFactoryBean.buildNativeEntityManagerFactory - Initialized JPA EntityManagerFactory for persistence unit 'default'
02-07-2021 11:31:02.337 [main] WARN  o.s.b.a.o.j.JpaBaseConfiguration$JpaWebConfiguration.openEntityManagerInViewInterceptor - spring.jpa.open-in-view is enabled by default. Therefore, database queries may be performed during view rendering. Explicitly configure spring.jpa.open-in-view to disable this warning
02-07-2021 11:31:02.663 [main] INFO  o.s.s.web.DefaultSecurityFilterChain.<init> - Will secure Ant [pattern='/**'] with [org.springframework.security.web.context.request.async.WebAsyncManagerIntegrationFilter@368ff8be, org.springframework.security.web.context.SecurityContextPersistenceFilter@51c4992e, org.springframework.security.web.header.HeaderWriterFilter@6c2fea95, org.springframework.security.web.authentication.logout.LogoutFilter@1d432d56, org.springframework.security.web.authentication.www.BasicAuthenticationFilter@5ac53209, org.springframework.security.web.savedrequest.RequestCacheAwareFilter@198c0f1c, org.springframework.security.web.servletapi.SecurityContextHolderAwareRequestFilter@4fcedf83, org.springframework.security.web.authentication.AnonymousAuthenticationFilter@41bbdd8a, org.springframework.security.web.session.SessionManagementFilter@b04a6a4, org.springframework.security.web.access.ExceptionTranslationFilter@619854a3, org.springframework.security.web.access.intercept.FilterSecurityInterceptor@261b6c8c]
02-07-2021 11:31:02.796 [main] DEBUG o.s.w.s.m.m.a.RequestMappingHandlerAdapter.initControllerAdviceCache - ControllerAdvice beans: 0 @ModelAttribute, 0 @InitBinder, 1 RequestBodyAdvice, 1 ResponseBodyAdvice
02-07-2021 11:31:02.881 [main] TRACE o.s.w.s.m.m.a.RequestMappingHandlerMapping.detectHandlerMethods - 
	t.n.N.a.c.ApiController:
	{PUT [/api/class/update/{name}]}: updateClass(GeologicalClass,String)
	{GET [/api/sections/by-code]}: showAllSectionsByClassCode(String)
	{PUT [/api/section/update/{name}]}: updateSection(SectionFullDTO,String)
	{DELETE [/api/section/delete/{name}]}: deleteSection(String)
	{POST [/api/section/add]}: addNewSection(SectionFullDTO)
	{POST [/api/class/add]}: addNewClass(GeologicalClass)
	{DELETE [/api/class/delete/{name}]}: deleteClass(String)
	{GET [/api/export/{id}/file]}: downloadFile(UUID)
	{GET [/api/export]}: downloadFile()
	{GET [/api/sections]}: showSectionList()
	{GET [/api/classes/{code}]}: showAllClassesByCode(String)
	{POST [/api/import]}: uploadFile(MultipartFile)
	{GET [/api/export/{id}]}: getExportStatus(UUID)
	{GET [/api/import/{id}]}: getImportStatus(UUID)
02-07-2021 11:31:02.919 [main] TRACE o.s.w.s.m.m.a.RequestMappingHandlerMapping.detectHandlerMethods - 
	o.s.b.a.w.s.e.BasicErrorController:
	{ [/error]}: error(HttpServletRequest)
	{ [/error], produces [text/html]}: errorHtml(HttpServletRequest,HttpServletResponse)
02-07-2021 11:31:02.980 [main] TRACE o.s.w.s.m.m.a.RequestMappingHandlerMapping.detectHandlerMethods - 
	o.s.w.a.OpenApiWebMvcResource:
	{GET [/v3/api-docs], produces [application/json]}: openapiJson(HttpServletRequest,String)
	{GET [/v3/api-docs.yaml], produces [application/vnd.oai.openapi]}: openapiYaml(HttpServletRequest,String)
02-07-2021 11:31:02.986 [main] TRACE o.s.w.s.m.m.a.RequestMappingHandlerMapping.detectHandlerMethods - 
	o.s.w.u.SwaggerWelcomeWebMvc:
	{GET [/v3/api-docs/swagger-config], produces [application/json]}: openapiJson(HttpServletRequest)
	{GET [/swagger-ui.html]}: redirectToUi(HttpServletRequest)
02-07-2021 11:31:02.989 [main] DEBUG o.s.w.s.m.m.a.RequestMappingHandlerMapping.handlerMethodsInitialized - 20 mappings in 'requestMappingHandlerMapping'
02-07-2021 11:31:03.029 [main] DEBUG o.s.w.s.h.BeanNameUrlHandlerMapping.detectHandlers - Detected 0 mappings in 'beanNameHandlerMapping'
02-07-2021 11:31:03.038 [main] TRACE o.s.w.s.f.s.RouterFunctionMapping.logRouterFunctions - 0 RouterFunction(s) in 'routerFunctionMapping'
02-07-2021 11:31:03.791 [main] TRACE o.s.w.s.h.SimpleUrlHandlerMapping.registerHandler - Mapped [/webjars/**] onto ResourceHttpRequestHandler [Classpath [META-INF/resources/webjars/]]
02-07-2021 11:31:03.791 [main] TRACE o.s.w.s.h.SimpleUrlHandlerMapping.registerHandler - Mapped [/**] onto ResourceHttpRequestHandler [Classpath [META-INF/resources/], Classpath [resources/], Classpath [static/], Classpath [public/], ServletContext [/]]
02-07-2021 11:31:03.792 [main] TRACE o.s.w.s.h.SimpleUrlHandlerMapping.registerHandler - Mapped [/**/swagger-ui/**] onto ResourceHttpRequestHandler [Classpath [META-INF/resources/webjars/]]
02-07-2021 11:31:03.792 [main] DEBUG o.s.w.s.h.SimpleUrlHandlerMapping.logMappings - Patterns [/webjars/**, /**, /**/swagger-ui/**] in 'resourceHandlerMapping'
02-07-2021 11:31:03.814 [main] DEBUG o.s.w.s.m.m.a.ExceptionHandlerExceptionResolver.initExceptionHandlerAdviceCache - ControllerAdvice beans: 2 @ExceptionHandler, 1 ResponseBodyAdvice
02-07-2021 11:31:04.100 [main] INFO  o.a.coyote.http11.Http11NioProtocol.log - Starting ProtocolHandler ["http-nio-8080"]
02-07-2021 11:31:04.157 [main] INFO  o.s.b.w.e.tomcat.TomcatWebServer.start - Tomcat started on port(s): 8080 (http) with context path ''
02-07-2021 11:31:04.175 [main] INFO  team.natlex.NatLex.NatLexApplication.logStarted - Started NatLexApplication in 7.673 seconds (JVM running for 8.398)
02-07-2021 11:31:04.179 [main] INFO  o.s.b.a.ApplicationAvailabilityBean.logStateChange - Application availability state LivenessState changed to CORRECT
02-07-2021 11:31:04.183 [main] INFO  o.s.b.a.ApplicationAvailabilityBean.logStateChange - Application availability state ReadinessState changed to ACCEPTING_TRAFFIC
02-07-2021 11:31:26.234 [main] INFO  team.natlex.NatLex.NatLexApplication.logStarting - Starting NatLexApplication using Java 16.0.1 on it-admin with PID 10607 (/home/fogma/IdeaProjects/NatLex/target/classes started by fogma in /home/fogma/IdeaProjects/NatLex)
02-07-2021 11:31:26.238 [main] INFO  team.natlex.NatLex.NatLexApplication.logStartupProfileInfo - No active profile set, falling back to default profiles: default
02-07-2021 11:31:26.387 [background-preinit] WARN  o.s.h.c.j.Jackson2ObjectMapperBuilder.warn - For Jackson Kotlin classes support please add "com.fasterxml.jackson.module:jackson-module-kotlin" to the classpath
02-07-2021 11:31:27.684 [main] INFO  o.s.d.r.c.RepositoryConfigurationDelegate.registerRepositoriesIn - Bootstrapping Spring Data JPA repositories in DEFAULT mode.
02-07-2021 11:31:27.749 [main] INFO  o.s.d.r.c.RepositoryConfigurationDelegate.registerRepositoriesIn - Finished Spring Data repository scanning in 55 ms. Found 2 JPA repository interfaces.
02-07-2021 11:31:28.262 [main] INFO  o.s.c.s.PostProcessorRegistrationDelegate$BeanPostProcessorChecker.postProcessAfterInitialization - Bean 'org.springframework.security.access.expression.method.DefaultMethodSecurityExpressionHandler@64b3b1ce' of type [org.springframework.security.access.expression.method.DefaultMethodSecurityExpressionHandler] is not eligible for getting processed by all BeanPostProcessors (for example: not eligible for auto-proxying)
02-07-2021 11:31:28.269 [main] INFO  o.s.c.s.PostProcessorRegistrationDelegate$BeanPostProcessorChecker.postProcessAfterInitialization - Bean 'methodSecurityMetadataSource' of type [org.springframework.security.access.method.DelegatingMethodSecurityMetadataSource] is not eligible for getting processed by all BeanPostProcessors (for example: not eligible for auto-proxying)
02-07-2021 11:31:28.695 [main] INFO  o.s.b.w.e.tomcat.TomcatWebServer.initialize - Tomcat initialized with port(s): 8080 (http)
02-07-2021 11:31:28.720 [main] INFO  o.a.coyote.http11.Http11NioProtocol.log - Initializing ProtocolHandler ["http-nio-8080"]
02-07-2021 11:31:28.740 [main] INFO  o.a.catalina.core.StandardService.log - Starting service [Tomcat]
02-07-2021 11:31:28.742 [main] INFO  o.a.catalina.core.StandardEngine.log - Starting Servlet engine: [Apache Tomcat/9.0.46]
02-07-2021 11:31:29.035 [main] INFO  o.a.c.c.C.[Tomcat].[localhost].[/].log - Initializing Spring embedded WebApplicationContext
02-07-2021 11:31:29.037 [main] INFO  o.s.b.w.s.c.ServletWebServerApplicationContext.prepareWebApplicationContext - Root WebApplicationContext: initialization completed in 2708 ms
02-07-2021 11:31:29.283 [main] INFO  o.f.c.i.license.VersionPrinter.info - Flyway Community Edition 7.8.2 by Redgate
02-07-2021 11:31:29.294 [main] INFO  com.zaxxer.hikari.HikariDataSource.getConnection - HikariPool-1 - Starting...
02-07-2021 11:31:29.427 [main] INFO  com.zaxxer.hikari.HikariDataSource.getConnection - HikariPool-1 - Start completed.
02-07-2021 11:31:29.525 [main] INFO  o.f.c.i.d.base.BaseDatabaseType.info - Database: jdbc:postgresql://127.0.0.1:5432/natlex (PostgreSQL 13.2)
02-07-2021 11:31:29.691 [main] INFO  o.f.core.internal.command.DbValidate.info - Successfully validated 1 migration (execution time 00:00.099s)
02-07-2021 11:31:29.724 [main] INFO  o.f.core.internal.command.DbMigrate.info - Current version of schema "public": 1
02-07-2021 11:31:29.726 [main] INFO  o.f.core.internal.command.DbMigrate.info - Schema "public" is up to date. No migration necessary.
02-07-2021 11:31:30.486 [main] INFO  Hibernate Types.printBanner - This framework is proudly powered by:

>>>>>>>>>>>>>>>>>>>>>>>>>>>>>>>>>>>>>>>>>>>>>>>>>>>>>>>>>>>>>>>>
 _    _                           _     _
| |  | |                         (_)   | |
| |__| |_   _ _ __   ___ _ __ ___ _ ___| |_ ___ _ __   ___ ___
|  __  | | | | '_ \ / _ \ '__/ __| / __| __/ _ \ '_ \ / __/ _ \
| |  | | |_| | |_) |  __/ |  \__ \ \__ \ ||  __/ | | | (_|  __/
|_|  |_|\__, | .__/ \___|_|  |___/_|___/\__\___|_| |_|\___\___|
         __/ | |
        |___/|_|

At Hypersistence, we only build amazing tools, like Hibernate Types, Flexy Pool, or Hypersistence Optimizer.

What if there were a tool that could automatically detect JPA and Hibernate performance issues?

Hypersistence Optimizer is that tool! For more details, go to: 

https://vladmihalcea.com/hypersistence-optimizer/
<<<<<<<<<<<<<<<<<<<<<<<<<<<<<<<<<<<<<<<<<<<<<<<<<<<<<<<<<<<<<<<<

02-07-2021 11:31:30.933 [main] INFO  o.s.o.j.LocalContainerEntityManagerFactoryBean.buildNativeEntityManagerFactory - Initialized JPA EntityManagerFactory for persistence unit 'default'
02-07-2021 11:31:31.642 [main] WARN  o.s.b.a.o.j.JpaBaseConfiguration$JpaWebConfiguration.openEntityManagerInViewInterceptor - spring.jpa.open-in-view is enabled by default. Therefore, database queries may be performed during view rendering. Explicitly configure spring.jpa.open-in-view to disable this warning
02-07-2021 11:31:31.993 [main] INFO  o.s.s.web.DefaultSecurityFilterChain.<init> - Will secure Ant [pattern='/**'] with [org.springframework.security.web.context.request.async.WebAsyncManagerIntegrationFilter@2ec23ec3, org.springframework.security.web.context.SecurityContextPersistenceFilter@2db6ba81, org.springframework.security.web.header.HeaderWriterFilter@24a7725d, org.springframework.security.web.authentication.logout.LogoutFilter@7491cdae, org.springframework.security.web.authentication.www.BasicAuthenticationFilter@17ea3bc0, org.springframework.security.web.savedrequest.RequestCacheAwareFilter@16fb9fdd, org.springframework.security.web.servletapi.SecurityContextHolderAwareRequestFilter@3c538e62, org.springframework.security.web.authentication.AnonymousAuthenticationFilter@7c2e88b9, org.springframework.security.web.session.SessionManagementFilter@33e6bd36, org.springframework.security.web.access.ExceptionTranslationFilter@77e5c765, org.springframework.security.web.access.intercept.FilterSecurityInterceptor@3bf4644c]
02-07-2021 11:31:32.118 [main] DEBUG o.s.w.s.m.m.a.RequestMappingHandlerAdapter.initControllerAdviceCache - ControllerAdvice beans: 0 @ModelAttribute, 0 @InitBinder, 1 RequestBodyAdvice, 1 ResponseBodyAdvice
02-07-2021 11:31:32.198 [main] TRACE o.s.w.s.m.m.a.RequestMappingHandlerMapping.detectHandlerMethods - 
	t.n.N.a.c.ApiController:
	{PUT [/api/class/update/{name}]}: updateClass(GeologicalClass,String)
	{GET [/api/sections/by-code]}: showAllSectionsByClassCode(String)
	{PUT [/api/section/update/{name}]}: updateSection(SectionFullDTO,String)
	{DELETE [/api/section/delete/{name}]}: deleteSection(String)
	{POST [/api/section/add]}: addNewSection(SectionFullDTO)
	{POST [/api/class/add]}: addNewClass(GeologicalClass)
	{DELETE [/api/class/delete/{name}]}: deleteClass(String)
	{GET [/api/export/{id}/file]}: downloadFile(UUID)
	{GET [/api/export]}: downloadFile()
	{GET [/api/sections]}: showSectionList()
	{GET [/api/classes/{code}]}: showAllClassesByCode(String)
	{POST [/api/import]}: uploadFile(MultipartFile)
	{GET [/api/export/{id}]}: getExportStatus(UUID)
	{GET [/api/import/{id}]}: getImportStatus(UUID)
02-07-2021 11:31:32.212 [main] TRACE o.s.w.s.m.m.a.RequestMappingHandlerMapping.detectHandlerMethods - 
	o.s.b.a.w.s.e.BasicErrorController:
	{ [/error]}: error(HttpServletRequest)
	{ [/error], produces [text/html]}: errorHtml(HttpServletRequest,HttpServletResponse)
02-07-2021 11:31:32.251 [main] TRACE o.s.w.s.m.m.a.RequestMappingHandlerMapping.detectHandlerMethods - 
	o.s.w.a.OpenApiWebMvcResource:
	{GET [/v3/api-docs], produces [application/json]}: openapiJson(HttpServletRequest,String)
	{GET [/v3/api-docs.yaml], produces [application/vnd.oai.openapi]}: openapiYaml(HttpServletRequest,String)
02-07-2021 11:31:32.279 [main] TRACE o.s.w.s.m.m.a.RequestMappingHandlerMapping.detectHandlerMethods - 
	o.s.w.u.SwaggerWelcomeWebMvc:
	{GET [/v3/api-docs/swagger-config], produces [application/json]}: openapiJson(HttpServletRequest)
	{GET [/swagger-ui.html]}: redirectToUi(HttpServletRequest)
02-07-2021 11:31:32.283 [main] DEBUG o.s.w.s.m.m.a.RequestMappingHandlerMapping.handlerMethodsInitialized - 20 mappings in 'requestMappingHandlerMapping'
02-07-2021 11:31:32.317 [main] DEBUG o.s.w.s.h.BeanNameUrlHandlerMapping.detectHandlers - Detected 0 mappings in 'beanNameHandlerMapping'
02-07-2021 11:31:32.325 [main] TRACE o.s.w.s.f.s.RouterFunctionMapping.logRouterFunctions - 0 RouterFunction(s) in 'routerFunctionMapping'
02-07-2021 11:31:33.001 [main] TRACE o.s.w.s.h.SimpleUrlHandlerMapping.registerHandler - Mapped [/webjars/**] onto ResourceHttpRequestHandler [Classpath [META-INF/resources/webjars/]]
02-07-2021 11:31:33.002 [main] TRACE o.s.w.s.h.SimpleUrlHandlerMapping.registerHandler - Mapped [/**] onto ResourceHttpRequestHandler [Classpath [META-INF/resources/], Classpath [resources/], Classpath [static/], Classpath [public/], ServletContext [/]]
02-07-2021 11:31:33.003 [main] TRACE o.s.w.s.h.SimpleUrlHandlerMapping.registerHandler - Mapped [/**/swagger-ui/**] onto ResourceHttpRequestHandler [Classpath [META-INF/resources/webjars/]]
02-07-2021 11:31:33.004 [main] DEBUG o.s.w.s.h.SimpleUrlHandlerMapping.logMappings - Patterns [/webjars/**, /**, /**/swagger-ui/**] in 'resourceHandlerMapping'
02-07-2021 11:31:33.028 [main] DEBUG o.s.w.s.m.m.a.ExceptionHandlerExceptionResolver.initExceptionHandlerAdviceCache - ControllerAdvice beans: 2 @ExceptionHandler, 1 ResponseBodyAdvice
02-07-2021 11:31:33.239 [main] INFO  o.a.coyote.http11.Http11NioProtocol.log - Starting ProtocolHandler ["http-nio-8080"]
02-07-2021 11:31:33.272 [main] INFO  o.s.b.w.e.tomcat.TomcatWebServer.start - Tomcat started on port(s): 8080 (http) with context path ''
02-07-2021 11:31:33.289 [main] INFO  team.natlex.NatLex.NatLexApplication.logStarted - Started NatLexApplication in 8.42 seconds (JVM running for 9.203)
02-07-2021 11:31:33.291 [main] INFO  o.s.b.a.ApplicationAvailabilityBean.logStateChange - Application availability state LivenessState changed to CORRECT
02-07-2021 11:31:33.293 [main] INFO  o.s.b.a.ApplicationAvailabilityBean.logStateChange - Application availability state ReadinessState changed to ACCEPTING_TRAFFIC
